android/app/build/intermediates/manifest_merge_blame_file/playDebug/manifest-merger-blame-play-debug-report.txt
1<?xml version="1.0" encoding="utf-8"?>
2<manifest xmlns:android="http://schemas.android.com/apk/res/android"
3    package="com.buzz20"
4    android:versionCode="1"
5    android:versionName="1.0" >
6
7    <uses-sdk
8        android:minSdkVersion="21"
9        android:targetSdkVersion="33" />
10
11    <uses-permission android:name="android.permission.SYSTEM_ALERT_WINDOW" />
11-->src\debug\AndroidManifest.xml:5:5-77
11-->src\debug\AndroidManifest.xml:5:22-75
12    <!-- Network permissions -->
13    <uses-permission android:name="android.permission.INTERNET" />
13-->src\main\AndroidManifest.xml:4:5-67
13-->src\main\AndroidManifest.xml:4:22-64
14    <uses-permission android:name="android.permission.ACCESS_NETWORK_STATE" /> <!-- Location permissions -->
14-->src\main\AndroidManifest.xml:5:5-79
14-->src\main\AndroidManifest.xml:5:22-76
15    <uses-permission android:name="android.permission.ACCESS_FINE_LOCATION" />
15-->src\main\AndroidManifest.xml:8:5-79
15-->src\main\AndroidManifest.xml:8:22-76
16    <uses-permission android:name="android.permission.ACCESS_COARSE_LOCATION" />
16-->src\main\AndroidManifest.xml:9:5-81
16-->src\main\AndroidManifest.xml:9:22-78
17    <uses-permission android:name="android.permission.ACCESS_BACKGROUND_LOCATION" /> <!-- Notification permissions -->
17-->src\main\AndroidManifest.xml:10:5-85
17-->src\main\AndroidManifest.xml:10:22-82
18    <uses-permission android:name="android.permission.POST_NOTIFICATIONS" />
18-->src\main\AndroidManifest.xml:13:5-77
18-->src\main\AndroidManifest.xml:13:22-74
19    <uses-permission android:name="android.permission.VIBRATE" /> <!-- Wake lock for background services -->
19-->src\main\AndroidManifest.xml:14:5-66
19-->src\main\AndroidManifest.xml:14:22-63
20    <uses-permission android:name="android.permission.WAKE_LOCK" />
20-->src\main\AndroidManifest.xml:17:5-68
20-->src\main\AndroidManifest.xml:17:22-65
21    <uses-permission android:name="android.permission.FOREGROUND_SERVICE" /> <!-- Billing permissions -->
21-->src\main\AndroidManifest.xml:18:5-77
21-->src\main\AndroidManifest.xml:18:22-74
22    <uses-permission android:name="com.android.vending.BILLING" />
22-->src\main\AndroidManifest.xml:21:5-67
22-->src\main\AndroidManifest.xml:21:22-64
23    <uses-permission android:name="android.permission.ACCESS_WIFI_STATE" /> <!-- Required by older versions of Google Play services to create IID tokens -->
23-->[com.facebook.flipper:flipper:0.182.0] AndroidManifest.xml:16:5-76
23-->[com.facebook.flipper:flipper:0.182.0] AndroidManifest.xml:16:22-73
24    <uses-permission android:name="com.google.android.c2dm.permission.RECEIVE" />
24-->[com.google.firebase:firebase-messaging:23.3.1] AndroidManifest.xml:26:5-82
24-->[com.google.firebase:firebase-messaging:23.3.1] AndroidManifest.xml:26:22-79
25
26    <uses-feature
26-->[com.google.android.gms:play-services-maps:18.2.0] AndroidManifest.xml:26:5-28:35
27        android:glEsVersion="0x00020000"
27-->[com.google.android.gms:play-services-maps:18.2.0] AndroidManifest.xml:27:9-41
28        android:required="true" />
28-->[com.google.android.gms:play-services-maps:18.2.0] AndroidManifest.xml:28:9-32
29
30    <queries>
30-->[com.google.android.gms:play-services-maps:18.2.0] AndroidManifest.xml:30:5-34:15
31
32        <!-- Needs to be explicitly declared on Android R+ -->
33        <package android:name="com.google.android.apps.maps" />
33-->[com.google.android.gms:play-services-maps:18.2.0] AndroidManifest.xml:33:9-64
33-->[com.google.android.gms:play-services-maps:18.2.0] AndroidManifest.xml:33:18-61
34
35        <intent>
35-->[com.android.billingclient:billing:6.1.0] AndroidManifest.xml:13:9-15:18
36            <action android:name="com.android.vending.billing.InAppBillingService.BIND" />
36-->[com.android.billingclient:billing:6.1.0] AndroidManifest.xml:14:13-91
36-->[com.android.billingclient:billing:6.1.0] AndroidManifest.xml:14:21-88
37        </intent>
38    </queries>
39
40    <uses-permission android:name="com.google.android.gms.permission.AD_ID" />
40-->[com.google.android.gms:play-services-measurement-api:21.5.0] AndroidManifest.xml:25:5-79
40-->[com.google.android.gms:play-services-measurement-api:21.5.0] AndroidManifest.xml:25:22-76
41    <uses-permission android:name="android.permission.ACCESS_ADSERVICES_ATTRIBUTION" />
41-->[com.google.android.gms:play-services-measurement-api:21.5.0] AndroidManifest.xml:26:5-88
41-->[com.google.android.gms:play-services-measurement-api:21.5.0] AndroidManifest.xml:26:22-85
42    <uses-permission android:name="android.permission.ACCESS_ADSERVICES_AD_ID" />
42-->[com.google.android.gms:play-services-measurement-api:21.5.0] AndroidManifest.xml:27:5-82
42-->[com.google.android.gms:play-services-measurement-api:21.5.0] AndroidManifest.xml:27:22-79
43    <uses-permission android:name="com.google.android.finsky.permission.BIND_GET_INSTALL_REFERRER_SERVICE" />
43-->[com.google.android.gms:play-services-measurement:21.5.0] AndroidManifest.xml:26:5-110
43-->[com.google.android.gms:play-services-measurement:21.5.0] AndroidManifest.xml:26:22-107
44    <uses-permission android:name="android.permission.RECEIVE_BOOT_COMPLETED" />
44-->[androidx.work:work-runtime:2.7.1] AndroidManifest.xml:27:5-81
44-->[androidx.work:work-runtime:2.7.1] AndroidManifest.xml:27:22-78
45
46    <permission
46-->[androidx.core:core:1.9.0] AndroidManifest.xml:22:5-24:47
47        android:name="com.buzz20.DYNAMIC_RECEIVER_NOT_EXPORTED_PERMISSION"
47-->[androidx.core:core:1.9.0] AndroidManifest.xml:23:9-81
48        android:protectionLevel="signature" />
48-->[androidx.core:core:1.9.0] AndroidManifest.xml:24:9-44
49
50    <uses-permission android:name="com.buzz20.DYNAMIC_RECEIVER_NOT_EXPORTED_PERMISSION" /> <!-- for android -->
50-->[androidx.core:core:1.9.0] AndroidManifest.xml:26:5-97
50-->[androidx.core:core:1.9.0] AndroidManifest.xml:26:22-94
51    <!-- <uses-permission android:name="com.android.launcher.permission.READ_SETTINGS"/> -->
52    <!-- <uses-permission android:name="com.android.launcher.permission.WRITE_SETTINGS"/> -->
53    <!-- <uses-permission android:name="com.android.launcher.permission.INSTALL_SHORTCUT" /> -->
54    <!-- <uses-permission android:name="com.android.launcher.permission.UNINSTALL_SHORTCUT" /> -->
55    <!-- for Samsung -->
56    <uses-permission android:name="com.sec.android.provider.badge.permission.READ" />
56-->[me.leolin:ShortcutBadger:1.1.22] AndroidManifest.xml:19:5-86
56-->[me.leolin:ShortcutBadger:1.1.22] AndroidManifest.xml:19:22-83
57    <uses-permission android:name="com.sec.android.provider.badge.permission.WRITE" /> <!-- for htc -->
57-->[me.leolin:ShortcutBadger:1.1.22] AndroidManifest.xml:20:5-87
57-->[me.leolin:ShortcutBadger:1.1.22] AndroidManifest.xml:20:22-84
58    <uses-permission android:name="com.htc.launcher.permission.READ_SETTINGS" />
58-->[me.leolin:ShortcutBadger:1.1.22] AndroidManifest.xml:23:5-81
58-->[me.leolin:ShortcutBadger:1.1.22] AndroidManifest.xml:23:22-78
59    <uses-permission android:name="com.htc.launcher.permission.UPDATE_SHORTCUT" /> <!-- for sony -->
59-->[me.leolin:ShortcutBadger:1.1.22] AndroidManifest.xml:24:5-83
59-->[me.leolin:ShortcutBadger:1.1.22] AndroidManifest.xml:24:22-80
60    <uses-permission android:name="com.sonyericsson.home.permission.BROADCAST_BADGE" />
60-->[me.leolin:ShortcutBadger:1.1.22] AndroidManifest.xml:27:5-88
60-->[me.leolin:ShortcutBadger:1.1.22] AndroidManifest.xml:27:22-85
61    <uses-permission android:name="com.sonymobile.home.permission.PROVIDER_INSERT_BADGE" /> <!-- for apex -->
61-->[me.leolin:ShortcutBadger:1.1.22] AndroidManifest.xml:28:5-92
61-->[me.leolin:ShortcutBadger:1.1.22] AndroidManifest.xml:28:22-89
62    <uses-permission android:name="com.anddoes.launcher.permission.UPDATE_COUNT" /> <!-- for solid -->
62-->[me.leolin:ShortcutBadger:1.1.22] AndroidManifest.xml:31:5-84
62-->[me.leolin:ShortcutBadger:1.1.22] AndroidManifest.xml:31:22-81
63    <uses-permission android:name="com.majeur.launcher.permission.UPDATE_BADGE" /> <!-- for huawei -->
63-->[me.leolin:ShortcutBadger:1.1.22] AndroidManifest.xml:34:5-83
63-->[me.leolin:ShortcutBadger:1.1.22] AndroidManifest.xml:34:22-80
64    <uses-permission android:name="com.huawei.android.launcher.permission.CHANGE_BADGE" />
64-->[me.leolin:ShortcutBadger:1.1.22] AndroidManifest.xml:37:5-91
64-->[me.leolin:ShortcutBadger:1.1.22] AndroidManifest.xml:37:22-88
65    <uses-permission android:name="com.huawei.android.launcher.permission.READ_SETTINGS" />
65-->[me.leolin:ShortcutBadger:1.1.22] AndroidManifest.xml:38:5-92
65-->[me.leolin:ShortcutBadger:1.1.22] AndroidManifest.xml:38:22-89
66    <uses-permission android:name="com.huawei.android.launcher.permission.WRITE_SETTINGS" /> <!-- for ZUK -->
66-->[me.leolin:ShortcutBadger:1.1.22] AndroidManifest.xml:39:5-93
66-->[me.leolin:ShortcutBadger:1.1.22] AndroidManifest.xml:39:22-90
67    <uses-permission android:name="android.permission.READ_APP_BADGE" /> <!-- for OPPO -->
67-->[me.leolin:ShortcutBadger:1.1.22] AndroidManifest.xml:42:5-73
67-->[me.leolin:ShortcutBadger:1.1.22] AndroidManifest.xml:42:22-70
68    <uses-permission android:name="com.oppo.launcher.permission.READ_SETTINGS" />
68-->[me.leolin:ShortcutBadger:1.1.22] AndroidManifest.xml:45:5-82
68-->[me.leolin:ShortcutBadger:1.1.22] AndroidManifest.xml:45:22-79
69    <uses-permission android:name="com.oppo.launcher.permission.WRITE_SETTINGS" /> <!-- for EvMe -->
69-->[me.leolin:ShortcutBadger:1.1.22] AndroidManifest.xml:46:5-83
69-->[me.leolin:ShortcutBadger:1.1.22] AndroidManifest.xml:46:22-80
70    <uses-permission android:name="me.everything.badger.permission.BADGE_COUNT_READ" />
70-->[me.leolin:ShortcutBadger:1.1.22] AndroidManifest.xml:49:5-88
70-->[me.leolin:ShortcutBadger:1.1.22] AndroidManifest.xml:49:22-85
71    <uses-permission android:name="me.everything.badger.permission.BADGE_COUNT_WRITE" />
71-->[me.leolin:ShortcutBadger:1.1.22] AndroidManifest.xml:50:5-89
71-->[me.leolin:ShortcutBadger:1.1.22] AndroidManifest.xml:50:22-86
72
73    <application
73-->src\main\AndroidManifest.xml:23:5-70:19
74        android:name="com.buzz20.MainApplication"
74-->src\main\AndroidManifest.xml:24:7-38
75        android:allowBackup="false"
75-->src\main\AndroidManifest.xml:28:7-34
76        android:appComponentFactory="androidx.core.app.CoreComponentFactory"
76-->[androidx.core:core:1.9.0] AndroidManifest.xml:28:18-86
77        android:debuggable="true"
78        android:icon="@mipmap/ic_launcher"
78-->src\main\AndroidManifest.xml:26:7-41
79        android:label="@string/app_name"
79-->src\main\AndroidManifest.xml:25:7-39
80        android:roundIcon="@mipmap/ic_launcher_round"
80-->src\main\AndroidManifest.xml:27:7-52
81        android:theme="@style/AppTheme"
81-->src\main\AndroidManifest.xml:29:7-38
82        android:usesCleartextTraffic="true" >
82-->src\debug\AndroidManifest.xml:8:9-44
83        <activity
83-->src\debug\AndroidManifest.xml:11:9-111
84            android:name="com.facebook.react.devsupport.DevSettingsActivity"
84-->src\debug\AndroidManifest.xml:11:19-83
85            android:exported="false" />
85-->src\debug\AndroidManifest.xml:11:84-108
86        <!-- Main Activity -->
87        <activity
87-->src\main\AndroidManifest.xml:32:7-53:18
88            android:name="com.buzz20.MainActivity"
88-->src\main\AndroidManifest.xml:33:9-37
89            android:configChanges="keyboard|keyboardHidden|orientation|screenLayout|screenSize|smallestScreenSize|uiMode"
89-->src\main\AndroidManifest.xml:35:9-118
90            android:exported="true"
90-->src\main\AndroidManifest.xml:38:9-32
91            android:label="@string/app_name"
91-->src\main\AndroidManifest.xml:34:9-41
92            android:launchMode="singleTask"
92-->src\main\AndroidManifest.xml:36:9-40
93            android:windowSoftInputMode="adjustResize" >
93-->src\main\AndroidManifest.xml:37:9-51
94            <intent-filter>
94-->src\main\AndroidManifest.xml:39:9-42:25
95                <action android:name="android.intent.action.MAIN" />
95-->src\main\AndroidManifest.xml:40:13-65
95-->src\main\AndroidManifest.xml:40:21-62
96
97                <category android:name="android.intent.category.LAUNCHER" />
97-->src\main\AndroidManifest.xml:41:13-73
97-->src\main\AndroidManifest.xml:41:23-70
98            </intent-filter>
99
100            <!-- App Actions support -->
101            <intent-filter android:autoVerify="false" >
101-->src\main\AndroidManifest.xml:45:9-52:25
101-->src\main\AndroidManifest.xml:45:24-50
102                <action android:name="android.intent.action.VIEW" />
102-->src\main\AndroidManifest.xml:46:13-65
102-->src\main\AndroidManifest.xml:46:21-62
103
104                <category android:name="android.intent.category.DEFAULT" />
104-->src\main\AndroidManifest.xml:47:13-72
104-->src\main\AndroidManifest.xml:47:23-69
105                <category android:name="android.intent.category.BROWSABLE" />
105-->src\main\AndroidManifest.xml:48:13-74
105-->src\main\AndroidManifest.xml:48:23-71
106
107                <data
107-->src\main\AndroidManifest.xml:49:13-51:50
108                    android:host="ohnodeer.buzz20.com"
108-->src\main\AndroidManifest.xml:50:19-53
109                    android:pathPrefix="/report"
109-->src\main\AndroidManifest.xml:51:19-47
110                    android:scheme="https" />
110-->src\main\AndroidManifest.xml:49:19-41
111            </intent-filter>
112        </activity> <!-- Meta-data for Google services -->
113        <meta-data
113-->src\main\AndroidManifest.xml:56:7-58:65
114            android:name="com.google.android.gms.version"
114-->src\main\AndroidManifest.xml:57:9-54
115            android:value="@integer/google_play_services_version" /> <!-- Google Maps API Key (required by react-native-maps with PROVIDER_GOOGLE) -->
115-->src\main\AndroidManifest.xml:58:9-62
116        <meta-data
116-->src\main\AndroidManifest.xml:61:7-63:55
117            android:name="com.google.android.geo.API_KEY"
117-->src\main\AndroidManifest.xml:62:9-54
118            android:value="@string/google_maps_api_key" /> <!-- AdMob App ID -->
118-->src\main\AndroidManifest.xml:63:9-52
119        <meta-data
119-->src\main\AndroidManifest.xml:66:7-68:66
120            android:name="com.google.android.gms.ads.APPLICATION_ID"
120-->src\main\AndroidManifest.xml:67:9-65
121            android:value="ca-app-pub-XXXXXXXXXXXXXXXX~XXXXXXXXXX" />
121-->src\main\AndroidManifest.xml:68:9-63
122
123        <service
123-->[:@react-native-firebase_messaging] AndroidManifest.xml:12:9-14:40
124            android:name="io.invertase.firebase.messaging.ReactNativeFirebaseMessagingHeadlessService"
124-->[:@react-native-firebase_messaging] AndroidManifest.xml:13:13-103
125            android:exported="false" />
125-->[:@react-native-firebase_messaging] AndroidManifest.xml:14:13-37
126        <service
126-->[:@react-native-firebase_messaging] AndroidManifest.xml:15:9-21:19
127            android:name="io.invertase.firebase.messaging.ReactNativeFirebaseMessagingService"
127-->[:@react-native-firebase_messaging] AndroidManifest.xml:16:13-95
128            android:exported="false" >
128-->[:@react-native-firebase_messaging] AndroidManifest.xml:17:13-37
129            <intent-filter>
129-->[:@react-native-firebase_messaging] AndroidManifest.xml:18:13-20:29
130                <action android:name="com.google.firebase.MESSAGING_EVENT" />
130-->[:@react-native-firebase_messaging] AndroidManifest.xml:19:17-78
130-->[:@react-native-firebase_messaging] AndroidManifest.xml:19:25-75
131            </intent-filter>
132        </service>
133
134        <receiver
134-->[:@react-native-firebase_messaging] AndroidManifest.xml:23:9-30:20
135            android:name="io.invertase.firebase.messaging.ReactNativeFirebaseMessagingReceiver"
135-->[:@react-native-firebase_messaging] AndroidManifest.xml:24:13-96
136            android:exported="true"
136-->[:@react-native-firebase_messaging] AndroidManifest.xml:25:13-36
137            android:permission="com.google.android.c2dm.permission.SEND" >
137-->[:@react-native-firebase_messaging] AndroidManifest.xml:26:13-73
138            <intent-filter>
138-->[:@react-native-firebase_messaging] AndroidManifest.xml:27:13-29:29
139                <action android:name="com.google.android.c2dm.intent.RECEIVE" />
139-->[:@react-native-firebase_messaging] AndroidManifest.xml:28:17-81
139-->[:@react-native-firebase_messaging] AndroidManifest.xml:28:25-78
140            </intent-filter>
141        </receiver>
142
143        <meta-data
143-->[:@react-native-firebase_messaging] AndroidManifest.xml:32:9-34:36
144            android:name="firebase_messaging_auto_init_enabled"
144-->[:@react-native-firebase_messaging] AndroidManifest.xml:33:13-64
145            android:value="true" />
145-->[:@react-native-firebase_messaging] AndroidManifest.xml:34:13-33
146        <meta-data
146-->[:@react-native-firebase_messaging] AndroidManifest.xml:35:9-37:32
147            android:name="com.google.firebase.messaging.default_notification_channel_id"
147-->[:@react-native-firebase_messaging] AndroidManifest.xml:36:13-89
148            android:value="" />
148-->[:@react-native-firebase_messaging] AndroidManifest.xml:37:13-29
149        <meta-data
149-->[:@react-native-firebase_messaging] AndroidManifest.xml:38:9-40:47
150            android:name="com.google.firebase.messaging.default_notification_color"
150-->[:@react-native-firebase_messaging] AndroidManifest.xml:39:13-84
151            android:resource="@color/white" />
151-->[:@react-native-firebase_messaging] AndroidManifest.xml:40:13-44
152        <meta-data
152-->[:@react-native-firebase_app] AndroidManifest.xml:9:9-11:36
153            android:name="app_data_collection_default_enabled"
153-->[:@react-native-firebase_app] AndroidManifest.xml:10:13-63
154            android:value="true" />
154-->[:@react-native-firebase_app] AndroidManifest.xml:11:13-33
155
156        <service
156-->[:@react-native-firebase_app] AndroidManifest.xml:13:9-21:19
157            android:name="com.google.firebase.components.ComponentDiscoveryService"
157-->[:@react-native-firebase_app] AndroidManifest.xml:14:13-84
158            android:directBootAware="true"
158-->[:@react-native-firebase_app] AndroidManifest.xml:15:13-43
159            android:exported="false" >
159-->[:@react-native-firebase_app] AndroidManifest.xml:16:13-37
160            <meta-data
160-->[:@react-native-firebase_app] AndroidManifest.xml:18:13-20:85
161                android:name="com.google.firebase.components:io.invertase.firebase.app.ReactNativeFirebaseAppRegistrar"
161-->[:@react-native-firebase_app] AndroidManifest.xml:19:17-120
162                android:value="com.google.firebase.components.ComponentRegistrar" />
162-->[:@react-native-firebase_app] AndroidManifest.xml:20:17-82
163            <meta-data
163-->[com.google.firebase:firebase-auth:22.2.0] AndroidManifest.xml:69:13-71:85
164                android:name="com.google.firebase.components:com.google.firebase.auth.FirebaseAuthRegistrar"
164-->[com.google.firebase:firebase-auth:22.2.0] AndroidManifest.xml:70:17-109
165                android:value="com.google.firebase.components.ComponentRegistrar" />
165-->[com.google.firebase:firebase-auth:22.2.0] AndroidManifest.xml:71:17-82
166            <meta-data
166-->[com.google.firebase:firebase-firestore:24.9.1] AndroidManifest.xml:17:13-19:85
167                android:name="com.google.firebase.components:com.google.firebase.firestore.FirebaseFirestoreKtxRegistrar"
167-->[com.google.firebase:firebase-firestore:24.9.1] AndroidManifest.xml:18:17-122
168                android:value="com.google.firebase.components.ComponentRegistrar" />
168-->[com.google.firebase:firebase-firestore:24.9.1] AndroidManifest.xml:19:17-82
169            <meta-data
169-->[com.google.firebase:firebase-firestore:24.9.1] AndroidManifest.xml:20:13-22:85
170                android:name="com.google.firebase.components:com.google.firebase.firestore.FirestoreRegistrar"
170-->[com.google.firebase:firebase-firestore:24.9.1] AndroidManifest.xml:21:17-111
171                android:value="com.google.firebase.components.ComponentRegistrar" />
171-->[com.google.firebase:firebase-firestore:24.9.1] AndroidManifest.xml:22:17-82
172            <meta-data
172-->[com.google.firebase:firebase-functions:20.4.0] AndroidManifest.xml:15:13-17:85
173                android:name="com.google.firebase.components:com.google.firebase.functions.FirebaseFunctionsKtxRegistrar"
173-->[com.google.firebase:firebase-functions:20.4.0] AndroidManifest.xml:16:17-122
174                android:value="com.google.firebase.components.ComponentRegistrar" />
174-->[com.google.firebase:firebase-functions:20.4.0] AndroidManifest.xml:17:17-82
175            <meta-data
175-->[com.google.firebase:firebase-functions:20.4.0] AndroidManifest.xml:18:13-20:85
176                android:name="com.google.firebase.components:com.google.firebase.functions.FunctionsRegistrar"
176-->[com.google.firebase:firebase-functions:20.4.0] AndroidManifest.xml:19:17-111
177                android:value="com.google.firebase.components.ComponentRegistrar" />
177-->[com.google.firebase:firebase-functions:20.4.0] AndroidManifest.xml:20:17-82
178            <meta-data
178-->[com.google.firebase:firebase-messaging:23.3.1] AndroidManifest.xml:57:13-59:85
179                android:name="com.google.firebase.components:com.google.firebase.messaging.FirebaseMessagingKtxRegistrar"
179-->[com.google.firebase:firebase-messaging:23.3.1] AndroidManifest.xml:58:17-122
180                android:value="com.google.firebase.components.ComponentRegistrar" />
180-->[com.google.firebase:firebase-messaging:23.3.1] AndroidManifest.xml:59:17-82
181            <meta-data
181-->[com.google.firebase:firebase-messaging:23.3.1] AndroidManifest.xml:60:13-62:85
182                android:name="com.google.firebase.components:com.google.firebase.messaging.FirebaseMessagingRegistrar"
182-->[com.google.firebase:firebase-messaging:23.3.1] AndroidManifest.xml:61:17-119
183                android:value="com.google.firebase.components.ComponentRegistrar" />
183-->[com.google.firebase:firebase-messaging:23.3.1] AndroidManifest.xml:62:17-82
184            <meta-data
184-->[com.google.firebase:firebase-datatransport:18.1.7] AndroidManifest.xml:27:13-29:85
185                android:name="com.google.firebase.components:com.google.firebase.datatransport.TransportRegistrar"
185-->[com.google.firebase:firebase-datatransport:18.1.7] AndroidManifest.xml:28:17-115
186                android:value="com.google.firebase.components.ComponentRegistrar" />
186-->[com.google.firebase:firebase-datatransport:18.1.7] AndroidManifest.xml:29:17-82
187            <meta-data
187-->[com.google.android.gms:play-services-measurement-api:21.5.0] AndroidManifest.xml:37:13-39:85
188                android:name="com.google.firebase.components:com.google.firebase.analytics.connector.internal.AnalyticsConnectorRegistrar"
188-->[com.google.android.gms:play-services-measurement-api:21.5.0] AndroidManifest.xml:38:17-139
189                android:value="com.google.firebase.components.ComponentRegistrar" />
189-->[com.google.android.gms:play-services-measurement-api:21.5.0] AndroidManifest.xml:39:17-82
190            <meta-data
190-->[com.google.firebase:firebase-iid:21.1.0] AndroidManifest.xml:32:13-34:85
191                android:name="com.google.firebase.components:com.google.firebase.iid.Registrar"
191-->[com.google.firebase:firebase-iid:21.1.0] AndroidManifest.xml:33:17-96
192                android:value="com.google.firebase.components.ComponentRegistrar" />
192-->[com.google.firebase:firebase-iid:21.1.0] AndroidManifest.xml:34:17-82
193            <meta-data
193-->[com.google.firebase:firebase-installations:17.2.0] AndroidManifest.xml:15:13-17:85
194                android:name="com.google.firebase.components:com.google.firebase.installations.FirebaseInstallationsKtxRegistrar"
194-->[com.google.firebase:firebase-installations:17.2.0] AndroidManifest.xml:16:17-130
195                android:value="com.google.firebase.components.ComponentRegistrar" />
195-->[com.google.firebase:firebase-installations:17.2.0] AndroidManifest.xml:17:17-82
196            <meta-data
196-->[com.google.firebase:firebase-installations:17.2.0] AndroidManifest.xml:18:13-20:85
197                android:name="com.google.firebase.components:com.google.firebase.installations.FirebaseInstallationsRegistrar"
197-->[com.google.firebase:firebase-installations:17.2.0] AndroidManifest.xml:19:17-127
198                android:value="com.google.firebase.components.ComponentRegistrar" />
198-->[com.google.firebase:firebase-installations:17.2.0] AndroidManifest.xml:20:17-82
199            <meta-data
199-->[com.google.firebase:firebase-common-ktx:20.4.2] AndroidManifest.xml:12:13-14:85
200                android:name="com.google.firebase.components:com.google.firebase.ktx.FirebaseCommonLegacyRegistrar"
200-->[com.google.firebase:firebase-common-ktx:20.4.2] AndroidManifest.xml:13:17-116
201                android:value="com.google.firebase.components.ComponentRegistrar" />
201-->[com.google.firebase:firebase-common-ktx:20.4.2] AndroidManifest.xml:14:17-82
202            <meta-data
202-->[com.google.firebase:firebase-common:20.4.2] AndroidManifest.xml:35:13-37:85
203                android:name="com.google.firebase.components:com.google.firebase.FirebaseCommonKtxRegistrar"
203-->[com.google.firebase:firebase-common:20.4.2] AndroidManifest.xml:36:17-109
204                android:value="com.google.firebase.components.ComponentRegistrar" />
204-->[com.google.firebase:firebase-common:20.4.2] AndroidManifest.xml:37:17-82
205        </service>
206
207        <provider
207-->[:@react-native-firebase_app] AndroidManifest.xml:23:9-27:38
208            android:name="io.invertase.firebase.app.ReactNativeFirebaseAppInitProvider"
208-->[:@react-native-firebase_app] AndroidManifest.xml:24:13-88
209            android:authorities="com.buzz20.reactnativefirebaseappinitprovider"
209-->[:@react-native-firebase_app] AndroidManifest.xml:25:13-86
210            android:exported="false"
210-->[:@react-native-firebase_app] AndroidManifest.xml:26:13-37
211            android:initOrder="99" />
211-->[:@react-native-firebase_app] AndroidManifest.xml:27:13-35
212
213        <activity
213-->[com.google.firebase:firebase-auth:22.2.0] AndroidManifest.xml:29:9-46:20
214            android:name="com.google.firebase.auth.internal.GenericIdpActivity"
214-->[com.google.firebase:firebase-auth:22.2.0] AndroidManifest.xml:30:13-80
215            android:excludeFromRecents="true"
215-->[com.google.firebase:firebase-auth:22.2.0] AndroidManifest.xml:31:13-46
216            android:exported="true"
216-->[com.google.firebase:firebase-auth:22.2.0] AndroidManifest.xml:32:13-36
217            android:launchMode="singleTask"
217-->[com.google.firebase:firebase-auth:22.2.0] AndroidManifest.xml:33:13-44
218            android:theme="@android:style/Theme.Translucent.NoTitleBar" >
218-->[com.google.firebase:firebase-auth:22.2.0] AndroidManifest.xml:34:13-72
219            <intent-filter>
219-->[com.google.firebase:firebase-auth:22.2.0] AndroidManifest.xml:35:13-45:29
220                <action android:name="android.intent.action.VIEW" />
220-->src\main\AndroidManifest.xml:46:13-65
220-->src\main\AndroidManifest.xml:46:21-62
221
222                <category android:name="android.intent.category.DEFAULT" />
222-->src\main\AndroidManifest.xml:47:13-72
222-->src\main\AndroidManifest.xml:47:23-69
223                <category android:name="android.intent.category.BROWSABLE" />
223-->src\main\AndroidManifest.xml:48:13-74
223-->src\main\AndroidManifest.xml:48:23-71
224
225                <data
225-->src\main\AndroidManifest.xml:49:13-51:50
226                    android:host="firebase.auth"
226-->src\main\AndroidManifest.xml:50:19-53
227                    android:path="/"
228                    android:scheme="genericidp" />
228-->src\main\AndroidManifest.xml:49:19-41
229            </intent-filter>
230        </activity>
231        <activity
231-->[com.google.firebase:firebase-auth:22.2.0] AndroidManifest.xml:47:9-64:20
232            android:name="com.google.firebase.auth.internal.RecaptchaActivity"
232-->[com.google.firebase:firebase-auth:22.2.0] AndroidManifest.xml:48:13-79
233            android:excludeFromRecents="true"
233-->[com.google.firebase:firebase-auth:22.2.0] AndroidManifest.xml:49:13-46
234            android:exported="true"
234-->[com.google.firebase:firebase-auth:22.2.0] AndroidManifest.xml:50:13-36
235            android:launchMode="singleTask"
235-->[com.google.firebase:firebase-auth:22.2.0] AndroidManifest.xml:51:13-44
236            android:theme="@android:style/Theme.Translucent.NoTitleBar" >
236-->[com.google.firebase:firebase-auth:22.2.0] AndroidManifest.xml:52:13-72
237            <intent-filter>
237-->[com.google.firebase:firebase-auth:22.2.0] AndroidManifest.xml:53:13-63:29
238                <action android:name="android.intent.action.VIEW" />
238-->src\main\AndroidManifest.xml:46:13-65
238-->src\main\AndroidManifest.xml:46:21-62
239
240                <category android:name="android.intent.category.DEFAULT" />
240-->src\main\AndroidManifest.xml:47:13-72
240-->src\main\AndroidManifest.xml:47:23-69
241                <category android:name="android.intent.category.BROWSABLE" />
241-->src\main\AndroidManifest.xml:48:13-74
241-->src\main\AndroidManifest.xml:48:23-71
242
243                <data
243-->src\main\AndroidManifest.xml:49:13-51:50
244                    android:host="firebase.auth"
244-->src\main\AndroidManifest.xml:50:19-53
245                    android:path="/"
246                    android:scheme="recaptcha" />
246-->src\main\AndroidManifest.xml:49:19-41
247            </intent-filter>
248        </activity>
249
250        <receiver
250-->[com.google.firebase:firebase-messaging:23.3.1] AndroidManifest.xml:29:9-40:20
251            android:name="com.google.firebase.iid.FirebaseInstanceIdReceiver"